# JRE version: Java(TM) SE Runtime Environment (7.0_80-b15) (build 1.7.0_80-b15)
# Java VM: Java HotSpot(TM) Client VM (24.80-b11 mixed mode windows-x86 )
Heap
 def new generation   total 157248K, used 79362K [0x04e00000, 0x0f8a0000, 0x0f8a0000)
  eden space 139776K,  55% used [0x04e00000, 0x09a4ec28, 0x0d680000)
  from space 17472K,   7% used [0x0d680000, 0x0d7b1c98, 0x0e790000)
  to   space 17472K,   0% used [0x0e790000, 0x0e790000, 0x0f8a0000)
 tenured generation   total 349568K, used 162180K [0x0f8a0000, 0x24e00000, 0x24e00000)
   the space 349568K,  46% used [0x0f8a0000, 0x19701198, 0x19701200, 0x24e00000)
 compacting perm gen  total 24320K, used 24223K [0x24e00000, 0x265c0000, 0x34e00000)
   the space 24320K,  99% used [0x24e00000, 0x265a7f70, 0x265a8000, 0x265c0000)
GC Heap History (10 events):
Event: 18584.221 GC heap before
{Heap before GC invocations=3229 (full 30):
 def new generation   total 157248K, used 141980K [0x04e00000, 0x0f8a0000, 0x0f8a0000)
  eden space 139776K, 100% used [0x04e00000, 0x0d680000, 0x0d680000)
  from space 17472K,  12% used [0x0d680000, 0x0d8a70e0, 0x0e790000)
  to   space 17472K,   0% used [0x0e790000, 0x0e790000, 0x0f8a0000)
 tenured generation   total 349568K, used 265033K [0x0f8a0000, 0x24e00000, 0x24e00000)
   the space 349568K,  75% used [0x0f8a0000, 0x1fb72568, 0x1fb72600, 0x24e00000)
 compacting perm gen  total 24320K, used 24099K [0x24e00000, 0x265c0000, 0x34e00000)
   the space 24320K,  99% used [0x24e00000, 0x26588c68, 0x26588e00, 0x265c0000)
No shared spaces configured.
Event: 18584.224 GC heap after
Heap after GC invocations=3230 (full 30):
 def new generation   total 157248K, used 2135K [0x04e00000, 0x0f8a0000, 0x0f8a0000)
  eden space 139776K,   0% used [0x04e00000, 0x04e00000, 0x0d680000)
  from space 17472K,  12% used [0x0e790000, 0x0e9a5fa0, 0x0f8a0000)
  to   space 17472K,   0% used [0x0d680000, 0x0d680000, 0x0e790000)
 tenured generation   total 349568K, used 265101K [0x0f8a0000, 0x24e00000, 0x24e00000)
   the space 349568K,  75% used [0x0f8a0000, 0x1fb83530, 0x1fb83600, 0x24e00000)
 compacting perm gen  total 24320K, used 24099K [0x24e00000, 0x265c0000, 0x34e00000)
   the space 24320K,  99% used [0x24e00000, 0x26588c68, 0x26588e00, 0x265c0000)
No shared spaces configured.
}
Event: 18590.260 GC heap before
{Heap before GC invocations=3230 (full 30):
 def new generation   total 157248K, used 141911K [0x04e00000, 0x0f8a0000, 0x0f8a0000)
  eden space 139776K, 100% used [0x04e00000, 0x0d680000, 0x0d680000)
  from space 17472K,  12% used [0x0e790000, 0x0e9a5fa0, 0x0f8a0000)
  to   space 17472K,   0% used [0x0d680000, 0x0d680000, 0x0e790000)
 tenured generation   total 349568K, used 265101K [0x0f8a0000, 0x24e00000, 0x24e00000)
   the space 349568K,  75% used [0x0f8a0000, 0x1fb83530, 0x1fb83600, 0x24e00000)
 compacting perm gen  total 24320K, used 24099K [0x24e00000, 0x265c0000, 0x34e00000)
   the space 24320K,  99% used [0x24e00000, 0x26588c68, 0x26588e00, 0x265c0000)
No shared spaces configured.
Event: 18590.263 GC heap after
Heap after GC invocations=3231 (full 30):
 def new generation   total 157248K, used 2069K [0x04e00000, 0x0f8a0000, 0x0f8a0000)
  eden space 139776K,   0% used [0x04e00000, 0x04e00000, 0x0d680000)
  from space 17472K,  11% used [0x0d680000, 0x0d8854e8, 0x0e790000)
  to   space 17472K,   0% used [0x0e790000, 0x0e790000, 0x0f8a0000)
 tenured generation   total 349568K, used 265169K [0x0f8a0000, 0x24e00000, 0x24e00000)
   the space 349568K,  75% used [0x0f8a0000, 0x1fb94520, 0x1fb94600, 0x24e00000)
 compacting perm gen  total 24320K, used 24099K [0x24e00000, 0x265c0000, 0x34e00000)
   the space 24320K,  99% used [0x24e00000, 0x26588c68, 0x26588e00, 0x265c0000)
No shared spaces configured.
}
Event: 18596.204 GC heap before
{Heap before GC invocations=3231 (full 30):
 def new generation   total 157248K, used 141845K [0x04e00000, 0x0f8a0000, 0x0f8a0000)
  eden space 139776K, 100% used [0x04e00000, 0x0d680000, 0x0d680000)
  from space 17472K,  11% used [0x0d680000, 0x0d8854e8, 0x0e790000)
  to   space 17472K,   0% used [0x0e790000, 0x0e790000, 0x0f8a0000)
 tenured generation   total 349568K, used 265169K [0x0f8a0000, 0x24e00000, 0x24e00000)
   the space 349568K,  75% used [0x0f8a0000, 0x1fb94520, 0x1fb94600, 0x24e00000)
 compacting perm gen  total 24320K, used 24099K [0x24e00000, 0x265c0000, 0x34e00000)
   the space 24320K,  99% used [0x24e00000, 0x26588c68, 0x26588e00, 0x265c0000)
No shared spaces configured.
Event: 18596.207 GC heap after
Heap after GC invocations=3232 (full 30):
 def new generation   total 157248K, used 1978K [0x04e00000, 0x0f8a0000, 0x0f8a0000)
  eden space 139776K,   0% used [0x04e00000, 0x04e00000, 0x0d680000)
  from space 17472K,  11% used [0x0e790000, 0x0e97ea28, 0x0f8a0000)
  to   space 17472K,   0% used [0x0d680000, 0x0d680000, 0x0e790000)
 tenured generation   total 349568K, used 265237K [0x0f8a0000, 0x24e00000, 0x24e00000)
   the space 349568K,  75% used [0x0f8a0000, 0x1fba5770, 0x1fba5800, 0x24e00000)
 compacting perm gen  total 24320K, used 24099K [0x24e00000, 0x265c0000, 0x34e00000)
   the space 24320K,  99% used [0x24e00000, 0x26588c68, 0x26588e00, 0x265c0000)
No shared spaces configured.
}
Event: 18599.913 GC heap before
{Heap before GC invocations=3232 (full 30):
 def new generation   total 157248K, used 89347K [0x04e00000, 0x0f8a0000, 0x0f8a0000)
  eden space 139776K,  62% used [0x04e00000, 0x0a3522b8, 0x0d680000)
  from space 17472K,  11% used [0x0e790000, 0x0e97ea28, 0x0f8a0000)
  to   space 17472K,   0% used [0x0d680000, 0x0d680000, 0x0e790000)
 tenured generation   total 349568K, used 265237K [0x0f8a0000, 0x24e00000, 0x24e00000)
   the space 349568K,  75% used [0x0f8a0000, 0x1fba5770, 0x1fba5800, 0x24e00000)
 compacting perm gen  total 24320K, used 24099K [0x24e00000, 0x265c0000, 0x34e00000)
   the space 24320K,  99% used [0x24e00000, 0x26588c88, 0x26588e00, 0x265c0000)
No shared spaces configured.
Event: 18600.197 GC heap after
Heap after GC invocations=3233 (full 31):
 def new generation   total 157248K, used 0K [0x04e00000, 0x0f8a0000, 0x0f8a0000)
  eden space 139776K,   0% used [0x04e00000, 0x04e00000, 0x0d680000)
  from space 17472K,   0% used [0x0e790000, 0x0e790000, 0x0f8a0000)
  to   space 17472K,   0% used [0x0d680000, 0x0d680000, 0x0e790000)
 tenured generation   total 349568K, used 162180K [0x0f8a0000, 0x24e00000, 0x24e00000)
   the space 349568K,  46% used [0x0f8a0000, 0x19701198, 0x19701200, 0x24e00000)
 compacting perm gen  total 24320K, used 24099K [0x24e00000, 0x265c0000, 0x34e00000)
   the space 24320K,  99% used [0x24e00000, 0x26588c88, 0x26588e00, 0x265c0000)
No shared spaces configured.
}
Event: 19268.023 GC heap before
{Heap before GC invocations=3233 (full 31):
 def new generation   total 157248K, used 139776K [0x04e00000, 0x0f8a0000, 0x0f8a0000)
  eden space 139776K, 100% used [0x04e00000, 0x0d680000, 0x0d680000)
  from space 17472K,   0% used [0x0e790000, 0x0e790000, 0x0f8a0000)
  to   space 17472K,   0% used [0x0d680000, 0x0d680000, 0x0e790000)
 tenured generation   total 349568K, used 162180K [0x0f8a0000, 0x24e00000, 0x24e00000)
   the space 349568K,  46% used [0x0f8a0000, 0x19701198, 0x19701200, 0x24e00000)
 compacting perm gen  total 24320K, used 24222K [0x24e00000, 0x265c0000, 0x34e00000)
   the space 24320K,  99% used [0x24e00000, 0x265a7858, 0x265a7a00, 0x265c0000)
No shared spaces configured.
Event: 19268.029 GC heap after
Heap after GC invocations=3234 (full 31):
 def new generation   total 157248K, used 1223K [0x04e00000, 0x0f8a0000, 0x0f8a0000)
  eden space 139776K,   0% used [0x04e00000, 0x04e00000, 0x0d680000)
  from space 17472K,   7% used [0x0d680000, 0x0d7b1c98, 0x0e790000)
  to   space 17472K,   0% used [0x0e790000, 0x0e790000, 0x0f8a0000)
 tenured generation   total 349568K, used 162180K [0x0f8a0000, 0x24e00000, 0x24e00000)
   the space 349568K,  46% used [0x0f8a0000, 0x19701198, 0x19701200, 0x24e00000)
 compacting perm gen  total 24320K, used 24222K [0x24e00000, 0x265c0000, 0x34e00000)
   the space 24320K,  99% used [0x24e00000, 0x265a7858, 0x265a7a00, 0x265c0000)
No shared spaces configured.
}

